2018-05-25T23:24:30.703Z - normal: Load ~/.CocosCreator/settings.json
2018-05-25T23:24:30.707Z - normal: checking language setting...
2018-05-25T23:24:30.707Z - normal: Language: zh
2018-05-25T23:24:32.304Z - success: protocol editor-framework registered
2018-05-25T23:24:32.304Z - success: protocol app registered
2018-05-25T23:24:32.304Z - success: protocol theme registered
2018-05-25T23:24:32.304Z - success: protocol packages registered
2018-05-25T23:24:32.304Z - success: protocol unpack registerred
2018-05-25T23:24:32.304Z - success: protocol disable-commonjs registerred
2018-05-25T23:24:32.574Z - normal: connected!
2018-05-25T23:24:32.576Z - normal: Check project F:\Cocos\start_project
2018-05-25T23:24:32.578Z - normal: Initializing project F:\Cocos\start_project
2018-05-25T23:24:32.587Z - normal: Initializing Cocos2d
2018-05-25T23:24:33.750Z - normal: Initializing Asset Database
2018-05-25T23:24:33.799Z - success: protocol uuid registerred
2018-05-25T23:24:33.799Z - success: protocol db registerred
2018-05-25T23:24:33.799Z - success: protocol thumbnail registerred
2018-05-25T23:24:33.799Z - normal: Loading editor/builtin packages
2018-05-25T23:24:33.823Z - success: anysdk loaded
2018-05-25T23:24:33.952Z - success: assets loaded
2018-05-25T23:24:33.953Z - success: builder loaded
2018-05-25T23:24:33.959Z - success: cocos-analytics loaded
2018-05-25T23:24:33.962Z - success: console loaded
2018-05-25T23:24:33.991Z - success: fb-instant-games loaded
2018-05-25T23:24:33.996Z - success: hierarchy loaded
2018-05-25T23:24:33.998Z - success: inspector loaded
2018-05-25T23:24:33.999Z - success: keystore loaded
2018-05-25T23:24:34.003Z - success: node-library loaded
2018-05-25T23:24:34.004Z - success: package-asset loaded
2018-05-25T23:24:34.005Z - success: preferences loaded
2018-05-25T23:24:34.007Z - success: project-exporter loaded
2018-05-25T23:24:34.022Z - success: project-importer loaded
2018-05-25T23:24:34.023Z - success: project-settings loaded
2018-05-25T23:24:34.031Z - success: ui-kit loaded
2018-05-25T23:24:34.034Z - success: scene loaded
2018-05-25T23:24:34.036Z - success: sprite-editor loaded
2018-05-25T23:24:34.039Z - success: store loaded
2018-05-25T23:24:34.043Z - success: timeline loaded
2018-05-25T23:24:34.043Z - normal: Loading builtin packages
2018-05-25T23:24:34.057Z - success: asset-db-debugger loaded
2018-05-25T23:24:34.066Z - success: code-editor loaded
2018-05-25T23:24:34.069Z - success: color-picker loaded
2018-05-25T23:24:34.077Z - success: package-manager loaded
2018-05-25T23:24:34.080Z - success: qqplay-adapter loaded
2018-05-25T23:24:34.094Z - success: sdkbox loaded
2018-05-25T23:24:34.106Z - success: tester loaded
2018-05-25T23:24:34.114Z - success: ui-grid loaded
2018-05-25T23:24:34.121Z - success: ui-kit-preview-extra loaded
2018-05-25T23:24:34.128Z - success: ui-kit-preview loaded
2018-05-25T23:24:34.136Z - success: ui-tree loaded
2018-05-25T23:24:34.139Z - success: weapp-adapter loaded
2018-05-25T23:24:35.261Z - normal: Loading packages
2018-05-25T23:24:35.261Z - normal: Watching packages
2018-05-25T23:24:36.042Z - normal: Run Application
2018-05-25T23:24:37.004Z - success: preview server running at http://localhost:7456
